{
  "/Users/joannyprignol/code/JoPrignol/oc-project-4/Testez-une-application-full-stack/front/src/main.ts": {
    "path": "/Users/joannyprignol/code/JoPrignol/oc-project-4/Testez-une-application-full-stack/front/src/main.ts",
    "statementMap": {
      "0": {
        "start": {
          "line": 6,
          "column": 0
        },
        "end": {
          "line": 8,
          "column": 1
        }
      },
      "1": {
        "start": {
          "line": 7,
          "column": 2
        },
        "end": {
          "line": 7,
          "column": 19
        }
      },
      "2": {
        "start": {
          "line": 10,
          "column": 0
        },
        "end": {
          "line": 10,
          "column": 98
        }
      },
      "3": {
        "start": {
          "line": 10,
          "column": 78
        },
        "end": {
          "line": 10,
          "column": 96
        }
      }
    },
    "fnMap": {
      "0": {
        "name": "(anonymous_0)",
        "decl": {
          "start": {
            "line": 10,
            "column": 71
          },
          "end": {
            "line": 10,
            "column": 72
          }
        },
        "loc": {
          "start": {
            "line": 10,
            "column": 78
          },
          "end": {
            "line": 10,
            "column": 96
          }
        },
        "line": 10
      }
    },
    "branchMap": {
      "0": {
        "loc": {
          "start": {
            "line": 6,
            "column": 0
          },
          "end": {
            "line": 8,
            "column": 1
          }
        },
        "type": "if",
        "locations": [
          {
            "start": {
              "line": 6,
              "column": 0
            },
            "end": {
              "line": 8,
              "column": 1
            }
          },
          {
            "start": {
              "line": 6,
              "column": 0
            },
            "end": {
              "line": 8,
              "column": 1
            }
          }
        ],
        "line": 6
      }
    },
    "s": {
      "0": 157,
      "1": 0,
      "2": 157,
      "3": 0
    },
    "f": {
      "0": 0
    },
    "b": {
      "0": [
        0,
        157
      ]
    }
  },
  "/Users/joannyprignol/code/JoPrignol/oc-project-4/Testez-une-application-full-stack/front/src/polyfills.ts": {
    "path": "/Users/joannyprignol/code/JoPrignol/oc-project-4/Testez-une-application-full-stack/front/src/polyfills.ts",
    "statementMap": {},
    "fnMap": {},
    "branchMap": {},
    "s": {},
    "f": {},
    "b": {}
  },
  "/Users/joannyprignol/code/JoPrignol/oc-project-4/Testez-une-application-full-stack/front/src/app/app-routing.module.ts": {
    "path": "/Users/joannyprignol/code/JoPrignol/oc-project-4/Testez-une-application-full-stack/front/src/app/app-routing.module.ts",
    "statementMap": {
      "0": {
        "start": {
          "line": 8,
          "column": 15
        },
        "end": {
          "line": 26,
          "column": 2
        }
      },
      "1": {
        "start": {
          "line": 11,
          "column": 22
        },
        "end": {
          "line": 11,
          "column": 83
        }
      },
      "2": {
        "start": {
          "line": 11,
          "column": 70
        },
        "end": {
          "line": 11,
          "column": 82
        }
      },
      "3": {
        "start": {
          "line": 15,
          "column": 22
        },
        "end": {
          "line": 15,
          "column": 95
        }
      },
      "4": {
        "start": {
          "line": 15,
          "column": 78
        },
        "end": {
          "line": 15,
          "column": 94
        }
      },
      "5": {
        "start": {
          "line": 27,
          "column": 43
        },
        "end": {
          "line": 41,
          "column": 4
        }
      },
      "6": {
        "start": {
          "line": 30,
          "column": 2
        },
        "end": {
          "line": 32,
          "column": 4
        }
      },
      "7": {
        "start": {
          "line": 31,
          "column": 4
        },
        "end": {
          "line": 31,
          "column": 41
        }
      },
      "8": {
        "start": {
          "line": 34,
          "column": 2
        },
        "end": {
          "line": 36,
          "column": 5
        }
      },
      "9": {
        "start": {
          "line": 37,
          "column": 2
        },
        "end": {
          "line": 39,
          "column": 5
        }
      },
      "10": {
        "start": {
          "line": 40,
          "column": 2
        },
        "end": {
          "line": 40,
          "column": 26
        }
      }
    },
    "fnMap": {
      "0": {
        "name": "(anonymous_0)",
        "decl": {
          "start": {
            "line": 11,
            "column": 16
          },
          "end": {
            "line": 11,
            "column": 17
          }
        },
        "loc": {
          "start": {
            "line": 11,
            "column": 22
          },
          "end": {
            "line": 11,
            "column": 83
          }
        },
        "line": 11
      },
      "1": {
        "name": "(anonymous_1)",
        "decl": {
          "start": {
            "line": 11,
            "column": 65
          },
          "end": {
            "line": 11,
            "column": 66
          }
        },
        "loc": {
          "start": {
            "line": 11,
            "column": 70
          },
          "end": {
            "line": 11,
            "column": 82
          }
        },
        "line": 11
      },
      "2": {
        "name": "(anonymous_2)",
        "decl": {
          "start": {
            "line": 15,
            "column": 16
          },
          "end": {
            "line": 15,
            "column": 17
          }
        },
        "loc": {
          "start": {
            "line": 15,
            "column": 22
          },
          "end": {
            "line": 15,
            "column": 95
          }
        },
        "line": 15
      },
      "3": {
        "name": "(anonymous_3)",
        "decl": {
          "start": {
            "line": 15,
            "column": 73
          },
          "end": {
            "line": 15,
            "column": 74
          }
        },
        "loc": {
          "start": {
            "line": 15,
            "column": 78
          },
          "end": {
            "line": 15,
            "column": 94
          }
        },
        "line": 15
      },
      "4": {
        "name": "(anonymous_4)",
        "decl": {
          "start": {
            "line": 27,
            "column": 44
          },
          "end": {
            "line": 27,
            "column": 45
          }
        },
        "loc": {
          "start": {
            "line": 27,
            "column": 50
          },
          "end": {
            "line": 41,
            "column": 1
          }
        },
        "line": 27
      },
      "5": {
        "name": "AppRoutingModule_Factory",
        "decl": {
          "start": {
            "line": 30,
            "column": 35
          },
          "end": {
            "line": 30,
            "column": 59
          }
        },
        "loc": {
          "start": {
            "line": 30,
            "column": 63
          },
          "end": {
            "line": 32,
            "column": 3
          }
        },
        "line": 30
      }
    },
    "branchMap": {
      "0": {
        "loc": {
          "start": {
            "line": 31,
            "column": 16
          },
          "end": {
            "line": 31,
            "column": 37
          }
        },
        "type": "binary-expr",
        "locations": [
          {
            "start": {
              "line": 31,
              "column": 16
            },
            "end": {
              "line": 31,
              "column": 17
            }
          },
          {
            "start": {
              "line": 31,
              "column": 21
            },
            "end": {
              "line": 31,
              "column": 37
            }
          }
        ],
        "line": 31
      }
    },
    "s": {
      "0": 157,
      "1": 157,
      "2": 157,
      "3": 94,
      "4": 94,
      "5": 157,
      "6": 157,
      "7": 157,
      "8": 157,
      "9": 157,
      "10": 157
    },
    "f": {
      "0": 157,
      "1": 157,
      "2": 94,
      "3": 94,
      "4": 157,
      "5": 157
    },
    "b": {
      "0": [
        157,
        157
      ]
    }
  },
  "/Users/joannyprignol/code/JoPrignol/oc-project-4/Testez-une-application-full-stack/front/src/app/app.component.ts": {
    "path": "/Users/joannyprignol/code/JoPrignol/oc-project-4/Testez-une-application-full-stack/front/src/app/app.component.ts",
    "statementMap": {
      "0": {
        "start": {
          "line": 10,
          "column": 2
        },
        "end": {
          "line": 27,
          "column": 3
        }
      },
      "1": {
        "start": {
          "line": 11,
          "column": 16
        },
        "end": {
          "line": 11,
          "column": 37
        }
      },
      "2": {
        "start": {
          "line": 13,
          "column": 4
        },
        "end": {
          "line": 13,
          "column": 46
        }
      },
      "3": {
        "start": {
          "line": 14,
          "column": 4
        },
        "end": {
          "line": 14,
          "column": 29
        }
      },
      "4": {
        "start": {
          "line": 15,
          "column": 4
        },
        "end": {
          "line": 15,
          "column": 22
        }
      },
      "5": {
        "start": {
          "line": 16,
          "column": 4
        },
        "end": {
          "line": 16,
          "column": 36
        }
      },
      "6": {
        "start": {
          "line": 17,
          "column": 4
        },
        "end": {
          "line": 17,
          "column": 28
        }
      },
      "7": {
        "start": {
          "line": 18,
          "column": 4
        },
        "end": {
          "line": 18,
          "column": 22
        }
      },
      "8": {
        "start": {
          "line": 19,
          "column": 4
        },
        "end": {
          "line": 19,
          "column": 36
        }
      },
      "9": {
        "start": {
          "line": 20,
          "column": 4
        },
        "end": {
          "line": 24,
          "column": 7
        }
      },
      "10": {
        "start": {
          "line": 21,
          "column": 6
        },
        "end": {
          "line": 21,
          "column": 28
        }
      },
      "11": {
        "start": {
          "line": 22,
          "column": 21
        },
        "end": {
          "line": 22,
          "column": 39
        }
      },
      "12": {
        "start": {
          "line": 23,
          "column": 6
        },
        "end": {
          "line": 23,
          "column": 45
        }
      },
      "13": {
        "start": {
          "line": 25,
          "column": 4
        },
        "end": {
          "line": 25,
          "column": 27
        }
      },
      "14": {
        "start": {
          "line": 26,
          "column": 4
        },
        "end": {
          "line": 26,
          "column": 24
        }
      },
      "15": {
        "start": {
          "line": 31,
          "column": 2
        },
        "end": {
          "line": 38,
          "column": 3
        }
      },
      "16": {
        "start": {
          "line": 32,
          "column": 4
        },
        "end": {
          "line": 32,
          "column": 46
        }
      },
      "17": {
        "start": {
          "line": 33,
          "column": 4
        },
        "end": {
          "line": 33,
          "column": 26
        }
      },
      "18": {
        "start": {
          "line": 34,
          "column": 4
        },
        "end": {
          "line": 34,
          "column": 22
        }
      },
      "19": {
        "start": {
          "line": 35,
          "column": 4
        },
        "end": {
          "line": 35,
          "column": 36
        }
      },
      "20": {
        "start": {
          "line": 36,
          "column": 4
        },
        "end": {
          "line": 36,
          "column": 29
        }
      },
      "21": {
        "start": {
          "line": 37,
          "column": 4
        },
        "end": {
          "line": 37,
          "column": 24
        }
      },
      "22": {
        "start": {
          "line": 41,
          "column": 39
        },
        "end": {
          "line": 95,
          "column": 4
        }
      },
      "23": {
        "start": {
          "line": 44,
          "column": 6
        },
        "end": {
          "line": 44,
          "column": 37
        }
      },
      "24": {
        "start": {
          "line": 45,
          "column": 6
        },
        "end": {
          "line": 45,
          "column": 27
        }
      },
      "25": {
        "start": {
          "line": 46,
          "column": 6
        },
        "end": {
          "line": 46,
          "column": 43
        }
      },
      "26": {
        "start": {
          "line": 50,
          "column": 6
        },
        "end": {
          "line": 50,
          "column": 45
        }
      },
      "27": {
        "start": {
          "line": 54,
          "column": 6
        },
        "end": {
          "line": 54,
          "column": 35
        }
      },
      "28": {
        "start": {
          "line": 55,
          "column": 6
        },
        "end": {
          "line": 55,
          "column": 33
        }
      },
      "29": {
        "start": {
          "line": 60,
          "column": 2
        },
        "end": {
          "line": 62,
          "column": 4
        }
      },
      "30": {
        "start": {
          "line": 61,
          "column": 4
        },
        "end": {
          "line": 61,
          "column": 147
        }
      },
      "31": {
        "start": {
          "line": 64,
          "column": 2
        },
        "end": {
          "line": 93,
          "column": 5
        }
      },
      "32": {
        "start": {
          "line": 71,
          "column": 6
        },
        "end": {
          "line": 82,
          "column": 7
        }
      },
      "33": {
        "start": {
          "line": 72,
          "column": 8
        },
        "end": {
          "line": 72,
          "column": 71
        }
      },
      "34": {
        "start": {
          "line": 73,
          "column": 8
        },
        "end": {
          "line": 73,
          "column": 33
        }
      },
      "35": {
        "start": {
          "line": 74,
          "column": 8
        },
        "end": {
          "line": 74,
          "column": 26
        }
      },
      "36": {
        "start": {
          "line": 75,
          "column": 8
        },
        "end": {
          "line": 75,
          "column": 70
        }
      },
      "37": {
        "start": {
          "line": 76,
          "column": 8
        },
        "end": {
          "line": 76,
          "column": 30
        }
      },
      "38": {
        "start": {
          "line": 77,
          "column": 8
        },
        "end": {
          "line": 77,
          "column": 119
        }
      },
      "39": {
        "start": {
          "line": 78,
          "column": 8
        },
        "end": {
          "line": 78,
          "column": 26
        }
      },
      "40": {
        "start": {
          "line": 79,
          "column": 8
        },
        "end": {
          "line": 79,
          "column": 36
        }
      },
      "41": {
        "start": {
          "line": 80,
          "column": 8
        },
        "end": {
          "line": 80,
          "column": 41
        }
      },
      "42": {
        "start": {
          "line": 81,
          "column": 8
        },
        "end": {
          "line": 81,
          "column": 28
        }
      },
      "43": {
        "start": {
          "line": 84,
          "column": 6
        },
        "end": {
          "line": 89,
          "column": 7
        }
      },
      "44": {
        "start": {
          "line": 85,
          "column": 20
        },
        "end": {
          "line": 85,
          "column": 37
        }
      },
      "45": {
        "start": {
          "line": 87,
          "column": 8
        },
        "end": {
          "line": 87,
          "column": 24
        }
      },
      "46": {
        "start": {
          "line": 88,
          "column": 8
        },
        "end": {
          "line": 88,
          "column": 86
        }
      },
      "47": {
        "start": {
          "line": 94,
          "column": 2
        },
        "end": {
          "line": 94,
          "column": 22
        }
      }
    },
    "fnMap": {
      "0": {
        "name": "AppComponent_div_4_Template",
        "decl": {
          "start": {
            "line": 9,
            "column": 9
          },
          "end": {
            "line": 9,
            "column": 36
          }
        },
        "loc": {
          "start": {
            "line": 9,
            "column": 46
          },
          "end": {
            "line": 28,
            "column": 1
          }
        },
        "line": 9
      },
      "1": {
        "name": "AppComponent_div_4_Template_span_click_5_listener",
        "decl": {
          "start": {
            "line": 20,
            "column": 36
          },
          "end": {
            "line": 20,
            "column": 85
          }
        },
        "loc": {
          "start": {
            "line": 20,
            "column": 88
          },
          "end": {
            "line": 24,
            "column": 5
          }
        },
        "line": 20
      },
      "2": {
        "name": "AppComponent_ng_template_6_Template",
        "decl": {
          "start": {
            "line": 30,
            "column": 9
          },
          "end": {
            "line": 30,
            "column": 44
          }
        },
        "loc": {
          "start": {
            "line": 30,
            "column": 54
          },
          "end": {
            "line": 39,
            "column": 1
          }
        },
        "line": 30
      },
      "3": {
        "name": "(anonymous_3)",
        "decl": {
          "start": {
            "line": 41,
            "column": 40
          },
          "end": {
            "line": 41,
            "column": 41
          }
        },
        "loc": {
          "start": {
            "line": 41,
            "column": 46
          },
          "end": {
            "line": 95,
            "column": 1
          }
        },
        "line": 41
      },
      "4": {
        "name": "(anonymous_4)",
        "decl": {
          "start": {
            "line": 43,
            "column": 4
          },
          "end": {
            "line": 43,
            "column": 5
          }
        },
        "loc": {
          "start": {
            "line": 43,
            "column": 53
          },
          "end": {
            "line": 47,
            "column": 5
          }
        },
        "line": 43
      },
      "5": {
        "name": "(anonymous_5)",
        "decl": {
          "start": {
            "line": 49,
            "column": 4
          },
          "end": {
            "line": 49,
            "column": 5
          }
        },
        "loc": {
          "start": {
            "line": 49,
            "column": 16
          },
          "end": {
            "line": 51,
            "column": 5
          }
        },
        "line": 49
      },
      "6": {
        "name": "(anonymous_6)",
        "decl": {
          "start": {
            "line": 53,
            "column": 4
          },
          "end": {
            "line": 53,
            "column": 5
          }
        },
        "loc": {
          "start": {
            "line": 53,
            "column": 13
          },
          "end": {
            "line": 56,
            "column": 5
          }
        },
        "line": 53
      },
      "7": {
        "name": "AppComponent_Factory",
        "decl": {
          "start": {
            "line": 60,
            "column": 31
          },
          "end": {
            "line": 60,
            "column": 51
          }
        },
        "loc": {
          "start": {
            "line": 60,
            "column": 55
          },
          "end": {
            "line": 62,
            "column": 3
          }
        },
        "line": 60
      },
      "8": {
        "name": "AppComponent_Template",
        "decl": {
          "start": {
            "line": 70,
            "column": 23
          },
          "end": {
            "line": 70,
            "column": 44
          }
        },
        "loc": {
          "start": {
            "line": 70,
            "column": 54
          },
          "end": {
            "line": 90,
            "column": 5
          }
        },
        "line": 70
      }
    },
    "branchMap": {
      "0": {
        "loc": {
          "start": {
            "line": 10,
            "column": 2
          },
          "end": {
            "line": 27,
            "column": 3
          }
        },
        "type": "if",
        "locations": [
          {
            "start": {
              "line": 10,
              "column": 2
            },
            "end": {
              "line": 27,
              "column": 3
            }
          },
          {
            "start": {
              "line": 10,
              "column": 2
            },
            "end": {
              "line": 27,
              "column": 3
            }
          }
        ],
        "line": 10
      },
      "1": {
        "loc": {
          "start": {
            "line": 31,
            "column": 2
          },
          "end": {
            "line": 38,
            "column": 3
          }
        },
        "type": "if",
        "locations": [
          {
            "start": {
              "line": 31,
              "column": 2
            },
            "end": {
              "line": 38,
              "column": 3
            }
          },
          {
            "start": {
              "line": 31,
              "column": 2
            },
            "end": {
              "line": 38,
              "column": 3
            }
          }
        ],
        "line": 31
      },
      "2": {
        "loc": {
          "start": {
            "line": 61,
            "column": 16
          },
          "end": {
            "line": 61,
            "column": 33
          }
        },
        "type": "binary-expr",
        "locations": [
          {
            "start": {
              "line": 61,
              "column": 16
            },
            "end": {
              "line": 61,
              "column": 17
            }
          },
          {
            "start": {
              "line": 61,
              "column": 21
            },
            "end": {
              "line": 61,
              "column": 33
            }
          }
        ],
        "line": 61
      },
      "3": {
        "loc": {
          "start": {
            "line": 71,
            "column": 6
          },
          "end": {
            "line": 82,
            "column": 7
          }
        },
        "type": "if",
        "locations": [
          {
            "start": {
              "line": 71,
              "column": 6
            },
            "end": {
              "line": 82,
              "column": 7
            }
          },
          {
            "start": {
              "line": 71,
              "column": 6
            },
            "end": {
              "line": 82,
              "column": 7
            }
          }
        ],
        "line": 71
      },
      "4": {
        "loc": {
          "start": {
            "line": 84,
            "column": 6
          },
          "end": {
            "line": 89,
            "column": 7
          }
        },
        "type": "if",
        "locations": [
          {
            "start": {
              "line": 84,
              "column": 6
            },
            "end": {
              "line": 89,
              "column": 7
            }
          },
          {
            "start": {
              "line": 84,
              "column": 6
            },
            "end": {
              "line": 89,
              "column": 7
            }
          }
        ],
        "line": 84
      }
    },
    "s": {
      "0": 4146,
      "1": 84,
      "2": 84,
      "3": 84,
      "4": 84,
      "5": 84,
      "6": 84,
      "7": 84,
      "8": 84,
      "9": 84,
      "10": 0,
      "11": 0,
      "12": 0,
      "13": 84,
      "14": 84,
      "15": 8009,
      "16": 165,
      "17": 165,
      "18": 165,
      "19": 165,
      "20": 165,
      "21": 165,
      "22": 157,
      "23": 157,
      "24": 157,
      "25": 157,
      "26": 11906,
      "27": 0,
      "28": 0,
      "29": 157,
      "30": 157,
      "31": 157,
      "32": 12063,
      "33": 157,
      "34": 157,
      "35": 157,
      "36": 157,
      "37": 157,
      "38": 157,
      "39": 157,
      "40": 157,
      "41": 157,
      "42": 157,
      "43": 12063,
      "44": 11906,
      "45": 11906,
      "46": 11906,
      "47": 157
    },
    "f": {
      "0": 4146,
      "1": 0,
      "2": 8009,
      "3": 157,
      "4": 157,
      "5": 11906,
      "6": 0,
      "7": 157,
      "8": 12063
    },
    "b": {
      "0": [
        84,
        4062
      ],
      "1": [
        165,
        7844
      ],
      "2": [
        157,
        157
      ],
      "3": [
        157,
        11906
      ],
      "4": [
        11906,
        157
      ]
    }
  },
  "/Users/joannyprignol/code/JoPrignol/oc-project-4/Testez-une-application-full-stack/front/src/app/app.module.ts": {
    "path": "/Users/joannyprignol/code/JoPrignol/oc-project-4/Testez-une-application-full-stack/front/src/app/app.module.ts",
    "statementMap": {
      "0": {
        "start": {
          "line": 14,
          "column": 23
        },
        "end": {
          "line": 14,
          "column": 107
        }
      },
      "1": {
        "start": {
          "line": 15,
          "column": 36
        },
        "end": {
          "line": 35,
          "column": 4
        }
      },
      "2": {
        "start": {
          "line": 18,
          "column": 2
        },
        "end": {
          "line": 20,
          "column": 4
        }
      },
      "3": {
        "start": {
          "line": 19,
          "column": 4
        },
        "end": {
          "line": 19,
          "column": 34
        }
      },
      "4": {
        "start": {
          "line": 22,
          "column": 2
        },
        "end": {
          "line": 25,
          "column": 5
        }
      },
      "5": {
        "start": {
          "line": 26,
          "column": 2
        },
        "end": {
          "line": 33,
          "column": 5
        }
      },
      "6": {
        "start": {
          "line": 34,
          "column": 2
        },
        "end": {
          "line": 34,
          "column": 19
        }
      }
    },
    "fnMap": {
      "0": {
        "name": "(anonymous_0)",
        "decl": {
          "start": {
            "line": 15,
            "column": 37
          },
          "end": {
            "line": 15,
            "column": 38
          }
        },
        "loc": {
          "start": {
            "line": 15,
            "column": 43
          },
          "end": {
            "line": 35,
            "column": 1
          }
        },
        "line": 15
      },
      "1": {
        "name": "AppModule_Factory",
        "decl": {
          "start": {
            "line": 18,
            "column": 28
          },
          "end": {
            "line": 18,
            "column": 45
          }
        },
        "loc": {
          "start": {
            "line": 18,
            "column": 49
          },
          "end": {
            "line": 20,
            "column": 3
          }
        },
        "line": 18
      }
    },
    "branchMap": {
      "0": {
        "loc": {
          "start": {
            "line": 19,
            "column": 16
          },
          "end": {
            "line": 19,
            "column": 30
          }
        },
        "type": "binary-expr",
        "locations": [
          {
            "start": {
              "line": 19,
              "column": 16
            },
            "end": {
              "line": 19,
              "column": 17
            }
          },
          {
            "start": {
              "line": 19,
              "column": 21
            },
            "end": {
              "line": 19,
              "column": 30
            }
          }
        ],
        "line": 19
      }
    },
    "s": {
      "0": 157,
      "1": 157,
      "2": 157,
      "3": 157,
      "4": 157,
      "5": 157,
      "6": 157
    },
    "f": {
      "0": 157,
      "1": 157
    },
    "b": {
      "0": [
        157,
        157
      ]
    }
  },
  "/Users/joannyprignol/code/JoPrignol/oc-project-4/Testez-une-application-full-stack/front/src/environments/environment.prod.ts": {
    "path": "/Users/joannyprignol/code/JoPrignol/oc-project-4/Testez-une-application-full-stack/front/src/environments/environment.prod.ts",
    "statementMap": {},
    "fnMap": {},
    "branchMap": {},
    "s": {},
    "f": {},
    "b": {}
  },
  "/Users/joannyprignol/code/JoPrignol/oc-project-4/Testez-une-application-full-stack/front/src/environments/environment.ts": {
    "path": "/Users/joannyprignol/code/JoPrignol/oc-project-4/Testez-une-application-full-stack/front/src/environments/environment.ts",
    "statementMap": {
      "0": {
        "start": {
          "line": 1,
          "column": 27
        },
        "end": {
          "line": 4,
          "column": 1
        }
      }
    },
    "fnMap": {},
    "branchMap": {},
    "s": {
      "0": 157
    },
    "f": {},
    "b": {}
  },
  "/Users/joannyprignol/code/JoPrignol/oc-project-4/Testez-une-application-full-stack/front/src/app/guards/auth.guard.ts": {
    "path": "/Users/joannyprignol/code/JoPrignol/oc-project-4/Testez-une-application-full-stack/front/src/app/guards/auth.guard.ts",
    "statementMap": {
      "0": {
        "start": {
          "line": 5,
          "column": 36
        },
        "end": {
          "line": 33,
          "column": 4
        }
      },
      "1": {
        "start": {
          "line": 8,
          "column": 6
        },
        "end": {
          "line": 8,
          "column": 27
        }
      },
      "2": {
        "start": {
          "line": 9,
          "column": 6
        },
        "end": {
          "line": 9,
          "column": 43
        }
      },
      "3": {
        "start": {
          "line": 13,
          "column": 6
        },
        "end": {
          "line": 16,
          "column": 7
        }
      },
      "4": {
        "start": {
          "line": 14,
          "column": 8
        },
        "end": {
          "line": 14,
          "column": 40
        }
      },
      "5": {
        "start": {
          "line": 15,
          "column": 8
        },
        "end": {
          "line": 15,
          "column": 21
        }
      },
      "6": {
        "start": {
          "line": 18,
          "column": 6
        },
        "end": {
          "line": 18,
          "column": 18
        }
      },
      "7": {
        "start": {
          "line": 23,
          "column": 2
        },
        "end": {
          "line": 25,
          "column": 4
        }
      },
      "8": {
        "start": {
          "line": 24,
          "column": 4
        },
        "end": {
          "line": 24,
          "column": 88
        }
      },
      "9": {
        "start": {
          "line": 27,
          "column": 2
        },
        "end": {
          "line": 31,
          "column": 5
        }
      },
      "10": {
        "start": {
          "line": 32,
          "column": 2
        },
        "end": {
          "line": 32,
          "column": 19
        }
      }
    },
    "fnMap": {
      "0": {
        "name": "(anonymous_0)",
        "decl": {
          "start": {
            "line": 5,
            "column": 37
          },
          "end": {
            "line": 5,
            "column": 38
          }
        },
        "loc": {
          "start": {
            "line": 5,
            "column": 43
          },
          "end": {
            "line": 33,
            "column": 1
          }
        },
        "line": 5
      },
      "1": {
        "name": "(anonymous_1)",
        "decl": {
          "start": {
            "line": 7,
            "column": 4
          },
          "end": {
            "line": 7,
            "column": 5
          }
        },
        "loc": {
          "start": {
            "line": 7,
            "column": 40
          },
          "end": {
            "line": 10,
            "column": 5
          }
        },
        "line": 7
      },
      "2": {
        "name": "(anonymous_2)",
        "decl": {
          "start": {
            "line": 12,
            "column": 4
          },
          "end": {
            "line": 12,
            "column": 5
          }
        },
        "loc": {
          "start": {
            "line": 12,
            "column": 18
          },
          "end": {
            "line": 19,
            "column": 5
          }
        },
        "line": 12
      },
      "3": {
        "name": "AuthGuard_Factory",
        "decl": {
          "start": {
            "line": 23,
            "column": 28
          },
          "end": {
            "line": 23,
            "column": 45
          }
        },
        "loc": {
          "start": {
            "line": 23,
            "column": 49
          },
          "end": {
            "line": 25,
            "column": 3
          }
        },
        "line": 23
      }
    },
    "branchMap": {
      "0": {
        "loc": {
          "start": {
            "line": 13,
            "column": 6
          },
          "end": {
            "line": 16,
            "column": 7
          }
        },
        "type": "if",
        "locations": [
          {
            "start": {
              "line": 13,
              "column": 6
            },
            "end": {
              "line": 16,
              "column": 7
            }
          },
          {
            "start": {
              "line": 13,
              "column": 6
            },
            "end": {
              "line": 16,
              "column": 7
            }
          }
        ],
        "line": 13
      },
      "1": {
        "loc": {
          "start": {
            "line": 24,
            "column": 16
          },
          "end": {
            "line": 24,
            "column": 30
          }
        },
        "type": "binary-expr",
        "locations": [
          {
            "start": {
              "line": 24,
              "column": 16
            },
            "end": {
              "line": 24,
              "column": 17
            }
          },
          {
            "start": {
              "line": 24,
              "column": 21
            },
            "end": {
              "line": 24,
              "column": 30
            }
          }
        ],
        "line": 24
      }
    },
    "s": {
      "0": 157,
      "1": 94,
      "2": 94,
      "3": 138,
      "4": 10,
      "5": 10,
      "6": 128,
      "7": 157,
      "8": 94,
      "9": 157,
      "10": 157
    },
    "f": {
      "0": 157,
      "1": 94,
      "2": 138,
      "3": 94
    },
    "b": {
      "0": [
        10,
        128
      ],
      "1": [
        94,
        94
      ]
    }
  },
  "/Users/joannyprignol/code/JoPrignol/oc-project-4/Testez-une-application-full-stack/front/src/app/guards/unauth.guard.ts": {
    "path": "/Users/joannyprignol/code/JoPrignol/oc-project-4/Testez-une-application-full-stack/front/src/app/guards/unauth.guard.ts",
    "statementMap": {
      "0": {
        "start": {
          "line": 5,
          "column": 38
        },
        "end": {
          "line": 33,
          "column": 4
        }
      },
      "1": {
        "start": {
          "line": 8,
          "column": 6
        },
        "end": {
          "line": 8,
          "column": 27
        }
      },
      "2": {
        "start": {
          "line": 9,
          "column": 6
        },
        "end": {
          "line": 9,
          "column": 43
        }
      },
      "3": {
        "start": {
          "line": 13,
          "column": 6
        },
        "end": {
          "line": 16,
          "column": 7
        }
      },
      "4": {
        "start": {
          "line": 14,
          "column": 8
        },
        "end": {
          "line": 14,
          "column": 42
        }
      },
      "5": {
        "start": {
          "line": 15,
          "column": 8
        },
        "end": {
          "line": 15,
          "column": 21
        }
      },
      "6": {
        "start": {
          "line": 18,
          "column": 6
        },
        "end": {
          "line": 18,
          "column": 18
        }
      },
      "7": {
        "start": {
          "line": 23,
          "column": 2
        },
        "end": {
          "line": 25,
          "column": 4
        }
      },
      "8": {
        "start": {
          "line": 24,
          "column": 4
        },
        "end": {
          "line": 24,
          "column": 90
        }
      },
      "9": {
        "start": {
          "line": 27,
          "column": 2
        },
        "end": {
          "line": 31,
          "column": 5
        }
      },
      "10": {
        "start": {
          "line": 32,
          "column": 2
        },
        "end": {
          "line": 32,
          "column": 21
        }
      }
    },
    "fnMap": {
      "0": {
        "name": "(anonymous_0)",
        "decl": {
          "start": {
            "line": 5,
            "column": 39
          },
          "end": {
            "line": 5,
            "column": 40
          }
        },
        "loc": {
          "start": {
            "line": 5,
            "column": 45
          },
          "end": {
            "line": 33,
            "column": 1
          }
        },
        "line": 5
      },
      "1": {
        "name": "(anonymous_1)",
        "decl": {
          "start": {
            "line": 7,
            "column": 4
          },
          "end": {
            "line": 7,
            "column": 5
          }
        },
        "loc": {
          "start": {
            "line": 7,
            "column": 40
          },
          "end": {
            "line": 10,
            "column": 5
          }
        },
        "line": 7
      },
      "2": {
        "name": "(anonymous_2)",
        "decl": {
          "start": {
            "line": 12,
            "column": 4
          },
          "end": {
            "line": 12,
            "column": 5
          }
        },
        "loc": {
          "start": {
            "line": 12,
            "column": 18
          },
          "end": {
            "line": 19,
            "column": 5
          }
        },
        "line": 12
      },
      "3": {
        "name": "UnauthGuard_Factory",
        "decl": {
          "start": {
            "line": 23,
            "column": 30
          },
          "end": {
            "line": 23,
            "column": 49
          }
        },
        "loc": {
          "start": {
            "line": 23,
            "column": 53
          },
          "end": {
            "line": 25,
            "column": 3
          }
        },
        "line": 23
      }
    },
    "branchMap": {
      "0": {
        "loc": {
          "start": {
            "line": 13,
            "column": 6
          },
          "end": {
            "line": 16,
            "column": 7
          }
        },
        "type": "if",
        "locations": [
          {
            "start": {
              "line": 13,
              "column": 6
            },
            "end": {
              "line": 16,
              "column": 7
            }
          },
          {
            "start": {
              "line": 13,
              "column": 6
            },
            "end": {
              "line": 16,
              "column": 7
            }
          }
        ],
        "line": 13
      },
      "1": {
        "loc": {
          "start": {
            "line": 24,
            "column": 16
          },
          "end": {
            "line": 24,
            "column": 32
          }
        },
        "type": "binary-expr",
        "locations": [
          {
            "start": {
              "line": 24,
              "column": 16
            },
            "end": {
              "line": 24,
              "column": 17
            }
          },
          {
            "start": {
              "line": 24,
              "column": 21
            },
            "end": {
              "line": 24,
              "column": 32
            }
          }
        ],
        "line": 24
      }
    },
    "s": {
      "0": 157,
      "1": 157,
      "2": 157,
      "3": 165,
      "4": 0,
      "5": 0,
      "6": 165,
      "7": 157,
      "8": 157,
      "9": 157,
      "10": 157
    },
    "f": {
      "0": 157,
      "1": 157,
      "2": 165,
      "3": 157
    },
    "b": {
      "0": [
        0,
        165
      ],
      "1": [
        157,
        157
      ]
    }
  },
  "/Users/joannyprignol/code/JoPrignol/oc-project-4/Testez-une-application-full-stack/front/src/app/interceptors/jwt.interceptor.ts": {
    "path": "/Users/joannyprignol/code/JoPrignol/oc-project-4/Testez-une-application-full-stack/front/src/app/interceptors/jwt.interceptor.ts",
    "statementMap": {
      "0": {
        "start": {
          "line": 4,
          "column": 41
        },
        "end": {
          "line": 34,
          "column": 4
        }
      },
      "1": {
        "start": {
          "line": 7,
          "column": 6
        },
        "end": {
          "line": 7,
          "column": 43
        }
      },
      "2": {
        "start": {
          "line": 11,
          "column": 6
        },
        "end": {
          "line": 17,
          "column": 7
        }
      },
      "3": {
        "start": {
          "line": 12,
          "column": 8
        },
        "end": {
          "line": 16,
          "column": 11
        }
      },
      "4": {
        "start": {
          "line": 19,
          "column": 6
        },
        "end": {
          "line": 19,
          "column": 34
        }
      },
      "5": {
        "start": {
          "line": 24,
          "column": 2
        },
        "end": {
          "line": 26,
          "column": 4
        }
      },
      "6": {
        "start": {
          "line": 25,
          "column": 4
        },
        "end": {
          "line": 25,
          "column": 69
        }
      },
      "7": {
        "start": {
          "line": 28,
          "column": 2
        },
        "end": {
          "line": 32,
          "column": 5
        }
      },
      "8": {
        "start": {
          "line": 33,
          "column": 2
        },
        "end": {
          "line": 33,
          "column": 24
        }
      }
    },
    "fnMap": {
      "0": {
        "name": "(anonymous_0)",
        "decl": {
          "start": {
            "line": 4,
            "column": 42
          },
          "end": {
            "line": 4,
            "column": 43
          }
        },
        "loc": {
          "start": {
            "line": 4,
            "column": 48
          },
          "end": {
            "line": 34,
            "column": 1
          }
        },
        "line": 4
      },
      "1": {
        "name": "(anonymous_1)",
        "decl": {
          "start": {
            "line": 6,
            "column": 4
          },
          "end": {
            "line": 6,
            "column": 5
          }
        },
        "loc": {
          "start": {
            "line": 6,
            "column": 32
          },
          "end": {
            "line": 8,
            "column": 5
          }
        },
        "line": 6
      },
      "2": {
        "name": "(anonymous_2)",
        "decl": {
          "start": {
            "line": 10,
            "column": 4
          },
          "end": {
            "line": 10,
            "column": 5
          }
        },
        "loc": {
          "start": {
            "line": 10,
            "column": 29
          },
          "end": {
            "line": 20,
            "column": 5
          }
        },
        "line": 10
      },
      "3": {
        "name": "JwtInterceptor_Factory",
        "decl": {
          "start": {
            "line": 24,
            "column": 33
          },
          "end": {
            "line": 24,
            "column": 55
          }
        },
        "loc": {
          "start": {
            "line": 24,
            "column": 59
          },
          "end": {
            "line": 26,
            "column": 3
          }
        },
        "line": 24
      }
    },
    "branchMap": {
      "0": {
        "loc": {
          "start": {
            "line": 11,
            "column": 6
          },
          "end": {
            "line": 17,
            "column": 7
          }
        },
        "type": "if",
        "locations": [
          {
            "start": {
              "line": 11,
              "column": 6
            },
            "end": {
              "line": 17,
              "column": 7
            }
          },
          {
            "start": {
              "line": 11,
              "column": 6
            },
            "end": {
              "line": 17,
              "column": 7
            }
          }
        ],
        "line": 11
      },
      "1": {
        "loc": {
          "start": {
            "line": 25,
            "column": 16
          },
          "end": {
            "line": 25,
            "column": 35
          }
        },
        "type": "binary-expr",
        "locations": [
          {
            "start": {
              "line": 25,
              "column": 16
            },
            "end": {
              "line": 25,
              "column": 17
            }
          },
          {
            "start": {
              "line": 25,
              "column": 21
            },
            "end": {
              "line": 25,
              "column": 35
            }
          }
        ],
        "line": 25
      }
    },
    "s": {
      "0": 157,
      "1": 142,
      "2": 418,
      "3": 268,
      "4": 418,
      "5": 157,
      "6": 142,
      "7": 157,
      "8": 157
    },
    "f": {
      "0": 157,
      "1": 142,
      "2": 418,
      "3": 142
    },
    "b": {
      "0": [
        268,
        150
      ],
      "1": [
        142,
        142
      ]
    }
  },
  "/Users/joannyprignol/code/JoPrignol/oc-project-4/Testez-une-application-full-stack/front/src/app/interfaces/sessionInformation.interface.ts": {
    "path": "/Users/joannyprignol/code/JoPrignol/oc-project-4/Testez-une-application-full-stack/front/src/app/interfaces/sessionInformation.interface.ts",
    "statementMap": {},
    "fnMap": {},
    "branchMap": {},
    "s": {},
    "f": {},
    "b": {}
  },
  "/Users/joannyprignol/code/JoPrignol/oc-project-4/Testez-une-application-full-stack/front/src/app/interfaces/teacher.interface.ts": {
    "path": "/Users/joannyprignol/code/JoPrignol/oc-project-4/Testez-une-application-full-stack/front/src/app/interfaces/teacher.interface.ts",
    "statementMap": {},
    "fnMap": {},
    "branchMap": {},
    "s": {},
    "f": {},
    "b": {}
  },
  "/Users/joannyprignol/code/JoPrignol/oc-project-4/Testez-une-application-full-stack/front/src/app/interfaces/user.interface.ts": {
    "path": "/Users/joannyprignol/code/JoPrignol/oc-project-4/Testez-une-application-full-stack/front/src/app/interfaces/user.interface.ts",
    "statementMap": {},
    "fnMap": {},
    "branchMap": {},
    "s": {},
    "f": {},
    "b": {}
  },
  "/Users/joannyprignol/code/JoPrignol/oc-project-4/Testez-une-application-full-stack/front/src/app/services/session.service.ts": {
    "path": "/Users/joannyprignol/code/JoPrignol/oc-project-4/Testez-une-application-full-stack/front/src/app/services/session.service.ts",
    "statementMap": {
      "0": {
        "start": {
          "line": 3,
          "column": 41
        },
        "end": {
          "line": 42,
          "column": 4
        }
      },
      "1": {
        "start": {
          "line": 6,
          "column": 6
        },
        "end": {
          "line": 6,
          "column": 28
        }
      },
      "2": {
        "start": {
          "line": 7,
          "column": 6
        },
        "end": {
          "line": 7,
          "column": 64
        }
      },
      "3": {
        "start": {
          "line": 11,
          "column": 6
        },
        "end": {
          "line": 11,
          "column": 49
        }
      },
      "4": {
        "start": {
          "line": 15,
          "column": 6
        },
        "end": {
          "line": 15,
          "column": 37
        }
      },
      "5": {
        "start": {
          "line": 16,
          "column": 6
        },
        "end": {
          "line": 16,
          "column": 27
        }
      },
      "6": {
        "start": {
          "line": 17,
          "column": 6
        },
        "end": {
          "line": 17,
          "column": 18
        }
      },
      "7": {
        "start": {
          "line": 21,
          "column": 6
        },
        "end": {
          "line": 21,
          "column": 42
        }
      },
      "8": {
        "start": {
          "line": 22,
          "column": 6
        },
        "end": {
          "line": 22,
          "column": 28
        }
      },
      "9": {
        "start": {
          "line": 23,
          "column": 6
        },
        "end": {
          "line": 23,
          "column": 18
        }
      },
      "10": {
        "start": {
          "line": 27,
          "column": 6
        },
        "end": {
          "line": 27,
          "column": 47
        }
      },
      "11": {
        "start": {
          "line": 32,
          "column": 2
        },
        "end": {
          "line": 34,
          "column": 4
        }
      },
      "12": {
        "start": {
          "line": 33,
          "column": 4
        },
        "end": {
          "line": 33,
          "column": 39
        }
      },
      "13": {
        "start": {
          "line": 36,
          "column": 2
        },
        "end": {
          "line": 40,
          "column": 5
        }
      },
      "14": {
        "start": {
          "line": 41,
          "column": 2
        },
        "end": {
          "line": 41,
          "column": 24
        }
      }
    },
    "fnMap": {
      "0": {
        "name": "(anonymous_0)",
        "decl": {
          "start": {
            "line": 3,
            "column": 42
          },
          "end": {
            "line": 3,
            "column": 43
          }
        },
        "loc": {
          "start": {
            "line": 3,
            "column": 48
          },
          "end": {
            "line": 42,
            "column": 1
          }
        },
        "line": 3
      },
      "1": {
        "name": "(anonymous_1)",
        "decl": {
          "start": {
            "line": 5,
            "column": 4
          },
          "end": {
            "line": 5,
            "column": 5
          }
        },
        "loc": {
          "start": {
            "line": 5,
            "column": 18
          },
          "end": {
            "line": 8,
            "column": 5
          }
        },
        "line": 5
      },
      "2": {
        "name": "(anonymous_2)",
        "decl": {
          "start": {
            "line": 10,
            "column": 4
          },
          "end": {
            "line": 10,
            "column": 5
          }
        },
        "loc": {
          "start": {
            "line": 10,
            "column": 16
          },
          "end": {
            "line": 12,
            "column": 5
          }
        },
        "line": 10
      },
      "3": {
        "name": "(anonymous_3)",
        "decl": {
          "start": {
            "line": 14,
            "column": 4
          },
          "end": {
            "line": 14,
            "column": 5
          }
        },
        "loc": {
          "start": {
            "line": 14,
            "column": 16
          },
          "end": {
            "line": 18,
            "column": 5
          }
        },
        "line": 14
      },
      "4": {
        "name": "(anonymous_4)",
        "decl": {
          "start": {
            "line": 20,
            "column": 4
          },
          "end": {
            "line": 20,
            "column": 5
          }
        },
        "loc": {
          "start": {
            "line": 20,
            "column": 13
          },
          "end": {
            "line": 24,
            "column": 5
          }
        },
        "line": 20
      },
      "5": {
        "name": "(anonymous_5)",
        "decl": {
          "start": {
            "line": 26,
            "column": 4
          },
          "end": {
            "line": 26,
            "column": 5
          }
        },
        "loc": {
          "start": {
            "line": 26,
            "column": 11
          },
          "end": {
            "line": 28,
            "column": 5
          }
        },
        "line": 26
      },
      "6": {
        "name": "SessionService_Factory",
        "decl": {
          "start": {
            "line": 32,
            "column": 33
          },
          "end": {
            "line": 32,
            "column": 55
          }
        },
        "loc": {
          "start": {
            "line": 32,
            "column": 59
          },
          "end": {
            "line": 34,
            "column": 3
          }
        },
        "line": 32
      }
    },
    "branchMap": {
      "0": {
        "loc": {
          "start": {
            "line": 33,
            "column": 16
          },
          "end": {
            "line": 33,
            "column": 35
          }
        },
        "type": "binary-expr",
        "locations": [
          {
            "start": {
              "line": 33,
              "column": 16
            },
            "end": {
              "line": 33,
              "column": 17
            }
          },
          {
            "start": {
              "line": 33,
              "column": 21
            },
            "end": {
              "line": 33,
              "column": 35
            }
          }
        ],
        "line": 33
      }
    },
    "s": {
      "0": 157,
      "1": 157,
      "2": 157,
      "3": 11906,
      "4": 84,
      "5": 84,
      "6": 84,
      "7": 8,
      "8": 8,
      "9": 8,
      "10": 92,
      "11": 157,
      "12": 157,
      "13": 157,
      "14": 157
    },
    "f": {
      "0": 157,
      "1": 157,
      "2": 11906,
      "3": 84,
      "4": 8,
      "5": 92,
      "6": 157
    },
    "b": {
      "0": [
        157,
        157
      ]
    }
  },
  "/Users/joannyprignol/code/JoPrignol/oc-project-4/Testez-une-application-full-stack/front/src/app/services/teacher.service.ts": {
    "path": "/Users/joannyprignol/code/JoPrignol/oc-project-4/Testez-une-application-full-stack/front/src/app/services/teacher.service.ts",
    "statementMap": {
      "0": {
        "start": {
          "line": 3,
          "column": 41
        },
        "end": {
          "line": 30,
          "column": 4
        }
      },
      "1": {
        "start": {
          "line": 6,
          "column": 6
        },
        "end": {
          "line": 6,
          "column": 35
        }
      },
      "2": {
        "start": {
          "line": 7,
          "column": 6
        },
        "end": {
          "line": 7,
          "column": 39
        }
      },
      "3": {
        "start": {
          "line": 11,
          "column": 6
        },
        "end": {
          "line": 11,
          "column": 51
        }
      },
      "4": {
        "start": {
          "line": 15,
          "column": 6
        },
        "end": {
          "line": 15,
          "column": 62
        }
      },
      "5": {
        "start": {
          "line": 20,
          "column": 2
        },
        "end": {
          "line": 22,
          "column": 4
        }
      },
      "6": {
        "start": {
          "line": 21,
          "column": 4
        },
        "end": {
          "line": 21,
          "column": 65
        }
      },
      "7": {
        "start": {
          "line": 24,
          "column": 2
        },
        "end": {
          "line": 28,
          "column": 5
        }
      },
      "8": {
        "start": {
          "line": 29,
          "column": 2
        },
        "end": {
          "line": 29,
          "column": 24
        }
      }
    },
    "fnMap": {
      "0": {
        "name": "(anonymous_0)",
        "decl": {
          "start": {
            "line": 3,
            "column": 42
          },
          "end": {
            "line": 3,
            "column": 43
          }
        },
        "loc": {
          "start": {
            "line": 3,
            "column": 48
          },
          "end": {
            "line": 30,
            "column": 1
          }
        },
        "line": 3
      },
      "1": {
        "name": "(anonymous_1)",
        "decl": {
          "start": {
            "line": 5,
            "column": 4
          },
          "end": {
            "line": 5,
            "column": 5
          }
        },
        "loc": {
          "start": {
            "line": 5,
            "column": 28
          },
          "end": {
            "line": 8,
            "column": 5
          }
        },
        "line": 5
      },
      "2": {
        "name": "(anonymous_2)",
        "decl": {
          "start": {
            "line": 10,
            "column": 4
          },
          "end": {
            "line": 10,
            "column": 5
          }
        },
        "loc": {
          "start": {
            "line": 10,
            "column": 10
          },
          "end": {
            "line": 12,
            "column": 5
          }
        },
        "line": 10
      },
      "3": {
        "name": "(anonymous_3)",
        "decl": {
          "start": {
            "line": 14,
            "column": 4
          },
          "end": {
            "line": 14,
            "column": 5
          }
        },
        "loc": {
          "start": {
            "line": 14,
            "column": 15
          },
          "end": {
            "line": 16,
            "column": 5
          }
        },
        "line": 14
      },
      "4": {
        "name": "TeacherService_Factory",
        "decl": {
          "start": {
            "line": 20,
            "column": 33
          },
          "end": {
            "line": 20,
            "column": 55
          }
        },
        "loc": {
          "start": {
            "line": 20,
            "column": 59
          },
          "end": {
            "line": 22,
            "column": 3
          }
        },
        "line": 20
      }
    },
    "branchMap": {
      "0": {
        "loc": {
          "start": {
            "line": 21,
            "column": 16
          },
          "end": {
            "line": 21,
            "column": 35
          }
        },
        "type": "binary-expr",
        "locations": [
          {
            "start": {
              "line": 21,
              "column": 16
            },
            "end": {
              "line": 21,
              "column": 17
            }
          },
          {
            "start": {
              "line": 21,
              "column": 21
            },
            "end": {
              "line": 21,
              "column": 35
            }
          }
        ],
        "line": 21
      }
    },
    "s": {
      "0": 94,
      "1": 44,
      "2": 44,
      "3": 40,
      "4": 20,
      "5": 94,
      "6": 44,
      "7": 94,
      "8": 94
    },
    "f": {
      "0": 94,
      "1": 44,
      "2": 40,
      "3": 20,
      "4": 44
    },
    "b": {
      "0": [
        44,
        44
      ]
    }
  },
  "/Users/joannyprignol/code/JoPrignol/oc-project-4/Testez-une-application-full-stack/front/src/app/services/user.service.ts": {
    "path": "/Users/joannyprignol/code/JoPrignol/oc-project-4/Testez-une-application-full-stack/front/src/app/services/user.service.ts",
    "statementMap": {
      "0": {
        "start": {
          "line": 3,
          "column": 38
        },
        "end": {
          "line": 30,
          "column": 4
        }
      },
      "1": {
        "start": {
          "line": 6,
          "column": 6
        },
        "end": {
          "line": 6,
          "column": 35
        }
      },
      "2": {
        "start": {
          "line": 7,
          "column": 6
        },
        "end": {
          "line": 7,
          "column": 36
        }
      },
      "3": {
        "start": {
          "line": 11,
          "column": 6
        },
        "end": {
          "line": 11,
          "column": 62
        }
      },
      "4": {
        "start": {
          "line": 15,
          "column": 6
        },
        "end": {
          "line": 15,
          "column": 65
        }
      },
      "5": {
        "start": {
          "line": 20,
          "column": 2
        },
        "end": {
          "line": 22,
          "column": 4
        }
      },
      "6": {
        "start": {
          "line": 21,
          "column": 4
        },
        "end": {
          "line": 21,
          "column": 62
        }
      },
      "7": {
        "start": {
          "line": 24,
          "column": 2
        },
        "end": {
          "line": 28,
          "column": 5
        }
      },
      "8": {
        "start": {
          "line": 29,
          "column": 2
        },
        "end": {
          "line": 29,
          "column": 21
        }
      }
    },
    "fnMap": {
      "0": {
        "name": "(anonymous_0)",
        "decl": {
          "start": {
            "line": 3,
            "column": 39
          },
          "end": {
            "line": 3,
            "column": 40
          }
        },
        "loc": {
          "start": {
            "line": 3,
            "column": 45
          },
          "end": {
            "line": 30,
            "column": 1
          }
        },
        "line": 3
      },
      "1": {
        "name": "(anonymous_1)",
        "decl": {
          "start": {
            "line": 5,
            "column": 4
          },
          "end": {
            "line": 5,
            "column": 5
          }
        },
        "loc": {
          "start": {
            "line": 5,
            "column": 28
          },
          "end": {
            "line": 8,
            "column": 5
          }
        },
        "line": 5
      },
      "2": {
        "name": "(anonymous_2)",
        "decl": {
          "start": {
            "line": 10,
            "column": 4
          },
          "end": {
            "line": 10,
            "column": 5
          }
        },
        "loc": {
          "start": {
            "line": 10,
            "column": 16
          },
          "end": {
            "line": 12,
            "column": 5
          }
        },
        "line": 10
      },
      "3": {
        "name": "(anonymous_3)",
        "decl": {
          "start": {
            "line": 14,
            "column": 4
          },
          "end": {
            "line": 14,
            "column": 5
          }
        },
        "loc": {
          "start": {
            "line": 14,
            "column": 15
          },
          "end": {
            "line": 16,
            "column": 5
          }
        },
        "line": 14
      },
      "4": {
        "name": "UserService_Factory",
        "decl": {
          "start": {
            "line": 20,
            "column": 30
          },
          "end": {
            "line": 20,
            "column": 49
          }
        },
        "loc": {
          "start": {
            "line": 20,
            "column": 53
          },
          "end": {
            "line": 22,
            "column": 3
          }
        },
        "line": 20
      }
    },
    "branchMap": {
      "0": {
        "loc": {
          "start": {
            "line": 21,
            "column": 16
          },
          "end": {
            "line": 21,
            "column": 32
          }
        },
        "type": "binary-expr",
        "locations": [
          {
            "start": {
              "line": 21,
              "column": 16
            },
            "end": {
              "line": 21,
              "column": 17
            }
          },
          {
            "start": {
              "line": 21,
              "column": 21
            },
            "end": {
              "line": 21,
              "column": 32
            }
          }
        ],
        "line": 21
      }
    },
    "s": {
      "0": 157,
      "1": 36,
      "2": 36,
      "3": 40,
      "4": 8,
      "5": 157,
      "6": 36,
      "7": 157,
      "8": 157
    },
    "f": {
      "0": 157,
      "1": 36,
      "2": 40,
      "3": 8,
      "4": 36
    },
    "b": {
      "0": [
        36,
        36
      ]
    }
  },
  "/Users/joannyprignol/code/JoPrignol/oc-project-4/Testez-une-application-full-stack/front/src/app/components/me/me.component.ts": {
    "path": "/Users/joannyprignol/code/JoPrignol/oc-project-4/Testez-une-application-full-stack/front/src/app/components/me/me.component.ts",
    "statementMap": {
      "0": {
        "start": {
          "line": 13,
          "column": 2
        },
        "end": {
          "line": 17,
          "column": 3
        }
      },
      "1": {
        "start": {
          "line": 14,
          "column": 4
        },
        "end": {
          "line": 14,
          "column": 34
        }
      },
      "2": {
        "start": {
          "line": 15,
          "column": 4
        },
        "end": {
          "line": 15,
          "column": 34
        }
      },
      "3": {
        "start": {
          "line": 16,
          "column": 4
        },
        "end": {
          "line": 16,
          "column": 22
        }
      },
      "4": {
        "start": {
          "line": 21,
          "column": 2
        },
        "end": {
          "line": 39,
          "column": 3
        }
      },
      "5": {
        "start": {
          "line": 22,
          "column": 16
        },
        "end": {
          "line": 22,
          "column": 37
        }
      },
      "6": {
        "start": {
          "line": 24,
          "column": 4
        },
        "end": {
          "line": 24,
          "column": 44
        }
      },
      "7": {
        "start": {
          "line": 25,
          "column": 4
        },
        "end": {
          "line": 25,
          "column": 39
        }
      },
      "8": {
        "start": {
          "line": 26,
          "column": 4
        },
        "end": {
          "line": 26,
          "column": 22
        }
      },
      "9": {
        "start": {
          "line": 27,
          "column": 4
        },
        "end": {
          "line": 27,
          "column": 39
        }
      },
      "10": {
        "start": {
          "line": 28,
          "column": 4
        },
        "end": {
          "line": 32,
          "column": 7
        }
      },
      "11": {
        "start": {
          "line": 29,
          "column": 6
        },
        "end": {
          "line": 29,
          "column": 28
        }
      },
      "12": {
        "start": {
          "line": 30,
          "column": 21
        },
        "end": {
          "line": 30,
          "column": 40
        }
      },
      "13": {
        "start": {
          "line": 31,
          "column": 6
        },
        "end": {
          "line": 31,
          "column": 45
        }
      },
      "14": {
        "start": {
          "line": 33,
          "column": 4
        },
        "end": {
          "line": 33,
          "column": 37
        }
      },
      "15": {
        "start": {
          "line": 34,
          "column": 4
        },
        "end": {
          "line": 34,
          "column": 27
        }
      },
      "16": {
        "start": {
          "line": 35,
          "column": 4
        },
        "end": {
          "line": 35,
          "column": 22
        }
      },
      "17": {
        "start": {
          "line": 36,
          "column": 4
        },
        "end": {
          "line": 36,
          "column": 37
        }
      },
      "18": {
        "start": {
          "line": 37,
          "column": 4
        },
        "end": {
          "line": 37,
          "column": 27
        }
      },
      "19": {
        "start": {
          "line": 38,
          "column": 4
        },
        "end": {
          "line": 38,
          "column": 26
        }
      },
      "20": {
        "start": {
          "line": 43,
          "column": 2
        },
        "end": {
          "line": 65,
          "column": 3
        }
      },
      "21": {
        "start": {
          "line": 44,
          "column": 4
        },
        "end": {
          "line": 44,
          "column": 46
        }
      },
      "22": {
        "start": {
          "line": 45,
          "column": 4
        },
        "end": {
          "line": 45,
          "column": 17
        }
      },
      "23": {
        "start": {
          "line": 46,
          "column": 4
        },
        "end": {
          "line": 46,
          "column": 30
        }
      },
      "24": {
        "start": {
          "line": 47,
          "column": 4
        },
        "end": {
          "line": 47,
          "column": 22
        }
      },
      "25": {
        "start": {
          "line": 48,
          "column": 4
        },
        "end": {
          "line": 48,
          "column": 33
        }
      },
      "26": {
        "start": {
          "line": 49,
          "column": 4
        },
        "end": {
          "line": 49,
          "column": 17
        }
      },
      "27": {
        "start": {
          "line": 50,
          "column": 4
        },
        "end": {
          "line": 50,
          "column": 22
        }
      },
      "28": {
        "start": {
          "line": 51,
          "column": 4
        },
        "end": {
          "line": 51,
          "column": 68
        }
      },
      "29": {
        "start": {
          "line": 52,
          "column": 4
        },
        "end": {
          "line": 52,
          "column": 72
        }
      },
      "30": {
        "start": {
          "line": 53,
          "column": 4
        },
        "end": {
          "line": 53,
          "column": 52
        }
      },
      "31": {
        "start": {
          "line": 54,
          "column": 4
        },
        "end": {
          "line": 54,
          "column": 33
        }
      },
      "32": {
        "start": {
          "line": 55,
          "column": 4
        },
        "end": {
          "line": 55,
          "column": 22
        }
      },
      "33": {
        "start": {
          "line": 56,
          "column": 4
        },
        "end": {
          "line": 56,
          "column": 18
        }
      },
      "34": {
        "start": {
          "line": 57,
          "column": 4
        },
        "end": {
          "line": 57,
          "column": 26
        }
      },
      "35": {
        "start": {
          "line": 58,
          "column": 4
        },
        "end": {
          "line": 58,
          "column": 22
        }
      },
      "36": {
        "start": {
          "line": 59,
          "column": 4
        },
        "end": {
          "line": 59,
          "column": 40
        }
      },
      "37": {
        "start": {
          "line": 60,
          "column": 4
        },
        "end": {
          "line": 60,
          "column": 35
        }
      },
      "38": {
        "start": {
          "line": 61,
          "column": 4
        },
        "end": {
          "line": 61,
          "column": 22
        }
      },
      "39": {
        "start": {
          "line": 62,
          "column": 4
        },
        "end": {
          "line": 62,
          "column": 18
        }
      },
      "40": {
        "start": {
          "line": 63,
          "column": 4
        },
        "end": {
          "line": 63,
          "column": 26
        }
      },
      "41": {
        "start": {
          "line": 64,
          "column": 4
        },
        "end": {
          "line": 64,
          "column": 26
        }
      },
      "42": {
        "start": {
          "line": 67,
          "column": 2
        },
        "end": {
          "line": 81,
          "column": 3
        }
      },
      "43": {
        "start": {
          "line": 68,
          "column": 19
        },
        "end": {
          "line": 68,
          "column": 37
        }
      },
      "44": {
        "start": {
          "line": 69,
          "column": 4
        },
        "end": {
          "line": 69,
          "column": 20
        }
      },
      "45": {
        "start": {
          "line": 70,
          "column": 4
        },
        "end": {
          "line": 70,
          "column": 112
        }
      },
      "46": {
        "start": {
          "line": 71,
          "column": 4
        },
        "end": {
          "line": 71,
          "column": 20
        }
      },
      "47": {
        "start": {
          "line": 72,
          "column": 4
        },
        "end": {
          "line": 72,
          "column": 60
        }
      },
      "48": {
        "start": {
          "line": 73,
          "column": 4
        },
        "end": {
          "line": 73,
          "column": 20
        }
      },
      "49": {
        "start": {
          "line": 74,
          "column": 4
        },
        "end": {
          "line": 74,
          "column": 45
        }
      },
      "50": {
        "start": {
          "line": 75,
          "column": 4
        },
        "end": {
          "line": 75,
          "column": 20
        }
      },
      "51": {
        "start": {
          "line": 76,
          "column": 4
        },
        "end": {
          "line": 76,
          "column": 46
        }
      },
      "52": {
        "start": {
          "line": 77,
          "column": 4
        },
        "end": {
          "line": 77,
          "column": 20
        }
      },
      "53": {
        "start": {
          "line": 78,
          "column": 4
        },
        "end": {
          "line": 78,
          "column": 93
        }
      },
      "54": {
        "start": {
          "line": 79,
          "column": 4
        },
        "end": {
          "line": 79,
          "column": 20
        }
      },
      "55": {
        "start": {
          "line": 80,
          "column": 4
        },
        "end": {
          "line": 80,
          "column": 94
        }
      },
      "56": {
        "start": {
          "line": 84,
          "column": 38
        },
        "end": {
          "line": 148,
          "column": 4
        }
      },
      "57": {
        "start": {
          "line": 87,
          "column": 6
        },
        "end": {
          "line": 87,
          "column": 27
        }
      },
      "58": {
        "start": {
          "line": 88,
          "column": 6
        },
        "end": {
          "line": 88,
          "column": 43
        }
      },
      "59": {
        "start": {
          "line": 89,
          "column": 6
        },
        "end": {
          "line": 89,
          "column": 37
        }
      },
      "60": {
        "start": {
          "line": 90,
          "column": 6
        },
        "end": {
          "line": 90,
          "column": 37
        }
      },
      "61": {
        "start": {
          "line": 94,
          "column": 6
        },
        "end": {
          "line": 94,
          "column": 121
        }
      },
      "62": {
        "start": {
          "line": 94,
          "column": 103
        },
        "end": {
          "line": 94,
          "column": 119
        }
      },
      "63": {
        "start": {
          "line": 98,
          "column": 6
        },
        "end": {
          "line": 98,
          "column": 28
        }
      },
      "64": {
        "start": {
          "line": 102,
          "column": 6
        },
        "end": {
          "line": 108,
          "column": 9
        }
      },
      "65": {
        "start": {
          "line": 103,
          "column": 8
        },
        "end": {
          "line": 105,
          "column": 11
        }
      },
      "66": {
        "start": {
          "line": 106,
          "column": 8
        },
        "end": {
          "line": 106,
          "column": 37
        }
      },
      "67": {
        "start": {
          "line": 107,
          "column": 8
        },
        "end": {
          "line": 107,
          "column": 36
        }
      },
      "68": {
        "start": {
          "line": 113,
          "column": 2
        },
        "end": {
          "line": 115,
          "column": 4
        }
      },
      "69": {
        "start": {
          "line": 114,
          "column": 4
        },
        "end": {
          "line": 114,
          "column": 184
        }
      },
      "70": {
        "start": {
          "line": 117,
          "column": 2
        },
        "end": {
          "line": 146,
          "column": 5
        }
      },
      "71": {
        "start": {
          "line": 124,
          "column": 6
        },
        "end": {
          "line": 138,
          "column": 7
        }
      },
      "72": {
        "start": {
          "line": 125,
          "column": 8
        },
        "end": {
          "line": 125,
          "column": 104
        }
      },
      "73": {
        "start": {
          "line": 126,
          "column": 8
        },
        "end": {
          "line": 128,
          "column": 11
        }
      },
      "74": {
        "start": {
          "line": 127,
          "column": 10
        },
        "end": {
          "line": 127,
          "column": 28
        }
      },
      "75": {
        "start": {
          "line": 129,
          "column": 8
        },
        "end": {
          "line": 129,
          "column": 41
        }
      },
      "76": {
        "start": {
          "line": 130,
          "column": 8
        },
        "end": {
          "line": 130,
          "column": 35
        }
      },
      "77": {
        "start": {
          "line": 131,
          "column": 8
        },
        "end": {
          "line": 131,
          "column": 28
        }
      },
      "78": {
        "start": {
          "line": 132,
          "column": 8
        },
        "end": {
          "line": 132,
          "column": 35
        }
      },
      "79": {
        "start": {
          "line": 133,
          "column": 8
        },
        "end": {
          "line": 133,
          "column": 41
        }
      },
      "80": {
        "start": {
          "line": 134,
          "column": 8
        },
        "end": {
          "line": 134,
          "column": 30
        }
      },
      "81": {
        "start": {
          "line": 135,
          "column": 8
        },
        "end": {
          "line": 135,
[...]
      "34": {
        "start": {
          "line": 60,
          "column": 4
        },
        "end": {
          "line": 60,
          "column": 24
        }
      },
      "35": {
        "start": {
          "line": 61,
          "column": 4
        },
        "end": {
          "line": 61,
          "column": 80
        }
      },
      "36": {
        "start": {
          "line": 62,
          "column": 4
        },
        "end": {
          "line": 62,
          "column": 28
        }
      },
      "37": {
        "start": {
          "line": 63,
          "column": 4
        },
        "end": {
          "line": 63,
          "column": 22
        }
      },
      "38": {
        "start": {
          "line": 64,
          "column": 4
        },
        "end": {
          "line": 64,
          "column": 37
        }
      },
      "39": {
        "start": {
          "line": 65,
          "column": 4
        },
        "end": {
          "line": 65,
          "column": 28
        }
      },
      "40": {
        "start": {
          "line": 66,
          "column": 4
        },
        "end": {
          "line": 66,
          "column": 24
        }
      },
      "41": {
        "start": {
          "line": 67,
          "column": 4
        },
        "end": {
          "line": 67,
          "column": 87
        }
      },
      "42": {
        "start": {
          "line": 68,
          "column": 4
        },
        "end": {
          "line": 68,
          "column": 24
        }
      },
      "43": {
        "start": {
          "line": 71,
          "column": 2
        },
        "end": {
          "line": 84,
          "column": 3
        }
      },
      "44": {
        "start": {
          "line": 72,
          "column": 23
        },
        "end": {
          "line": 72,
          "column": 36
        }
      },
      "45": {
        "start": {
          "line": 73,
          "column": 19
        },
        "end": {
          "line": 73,
          "column": 37
        }
      },
      "46": {
        "start": {
          "line": 74,
          "column": 4
        },
        "end": {
          "line": 74,
          "column": 20
        }
      },
      "47": {
        "start": {
          "line": 75,
          "column": 4
        },
        "end": {
          "line": 75,
          "column": 42
        }
      },
      "48": {
        "start": {
          "line": 76,
          "column": 4
        },
        "end": {
          "line": 76,
          "column": 20
        }
      },
      "49": {
        "start": {
          "line": 77,
          "column": 4
        },
        "end": {
          "line": 77,
          "column": 98
        }
      },
      "50": {
        "start": {
          "line": 78,
          "column": 4
        },
        "end": {
          "line": 78,
          "column": 20
        }
      },
      "51": {
        "start": {
          "line": 79,
          "column": 4
        },
        "end": {
          "line": 79,
          "column": 60
        }
      },
      "52": {
        "start": {
          "line": 80,
          "column": 4
        },
        "end": {
          "line": 80,
          "column": 20
        }
      },
      "53": {
        "start": {
          "line": 81,
          "column": 4
        },
        "end": {
          "line": 81,
          "column": 75
        }
      },
      "54": {
        "start": {
          "line": 82,
          "column": 4
        },
        "end": {
          "line": 82,
          "column": 20
        }
      },
      "55": {
        "start": {
          "line": 83,
          "column": 4
        },
        "end": {
          "line": 83,
          "column": 45
        }
      },
      "56": {
        "start": {
          "line": 87,
          "column": 40
        },
        "end": {
          "line": 135,
          "column": 4
        }
      },
      "57": {
        "start": {
          "line": 90,
          "column": 6
        },
        "end": {
          "line": 90,
          "column": 43
        }
      },
      "58": {
        "start": {
          "line": 91,
          "column": 6
        },
        "end": {
          "line": 91,
          "column": 49
        }
      },
      "59": {
        "start": {
          "line": 92,
          "column": 6
        },
        "end": {
          "line": 92,
          "column": 52
        }
      },
      "60": {
        "start": {
          "line": 96,
          "column": 6
        },
        "end": {
          "line": 96,
          "column": 52
        }
      },
      "61": {
        "start": {
          "line": 101,
          "column": 2
        },
        "end": {
          "line": 103,
          "column": 4
        }
      },
      "62": {
        "start": {
          "line": 102,
          "column": 4
        },
        "end": {
          "line": 102,
          "column": 121
        }
      },
      "63": {
        "start": {
          "line": 105,
          "column": 2
        },
        "end": {
          "line": 133,
          "column": 5
        }
      },
      "64": {
        "start": {
          "line": 112,
          "column": 6
        },
        "end": {
          "line": 122,
          "column": 7
        }
      },
      "65": {
        "start": {
          "line": 113,
          "column": 8
        },
        "end": {
          "line": 113,
          "column": 103
        }
      },
      "66": {
        "start": {
          "line": 114,
          "column": 8
        },
        "end": {
          "line": 114,
          "column": 42
        }
      },
      "67": {
        "start": {
          "line": 115,
          "column": 8
        },
        "end": {
          "line": 115,
          "column": 26
        }
      },
      "68": {
        "start": {
          "line": 116,
          "column": 8
        },
        "end": {
          "line": 116,
          "column": 77
        }
      },
      "69": {
        "start": {
          "line": 117,
          "column": 8
        },
        "end": {
          "line": 117,
          "column": 26
        }
      },
      "70": {
        "start": {
          "line": 118,
          "column": 8
        },
        "end": {
          "line": 118,
          "column": 39
        }
      },
      "71": {
        "start": {
          "line": 119,
          "column": 8
        },
        "end": {
          "line": 119,
          "column": 83
        }
      },
      "72": {
        "start": {
          "line": 120,
          "column": 8
        },
        "end": {
          "line": 120,
          "column": 30
        }
      },
      "73": {
        "start": {
          "line": 121,
          "column": 8
        },
        "end": {
          "line": 121,
          "column": 30
        }
      },
      "74": {
        "start": {
          "line": 124,
          "column": 6
        },
        "end": {
          "line": 129,
          "column": 7
        }
      },
      "75": {
        "start": {
          "line": 125,
          "column": 8
        },
        "end": {
          "line": 125,
          "column": 24
        }
      },
      "76": {
        "start": {
          "line": 126,
          "column": 8
        },
        "end": {
          "line": 126,
          "column": 46
        }
      },
      "77": {
        "start": {
          "line": 127,
          "column": 8
        },
        "end": {
          "line": 127,
          "column": 24
        }
      },
      "78": {
        "start": {
          "line": 128,
          "column": 8
        },
        "end": {
          "line": 128,
          "column": 70
        }
      },
      "79": {
        "start": {
          "line": 134,
          "column": 2
        },
        "end": {
          "line": 134,
          "column": 23
        }
      }
    },
    "fnMap": {
      "0": {
        "name": "ListComponent_button_5_Template",
        "decl": {
          "start": {
            "line": 11,
            "column": 9
          },
          "end": {
            "line": 11,
            "column": 40
          }
        },
        "loc": {
          "start": {
            "line": 11,
            "column": 50
          },
          "end": {
            "line": 20,
            "column": 1
          }
        },
        "line": 11
      },
      "1": {
        "name": "(anonymous_1)",
        "decl": {
          "start": {
            "line": 22,
            "column": 12
          },
          "end": {
            "line": 22,
            "column": 13
          }
        },
        "loc": {
          "start": {
            "line": 22,
            "column": 26
          },
          "end": {
            "line": 24,
            "column": 1
          }
        },
        "line": 22
      },
      "2": {
        "name": "ListComponent_mat_card_7_button_18_Template",
        "decl": {
          "start": {
            "line": 26,
            "column": 9
          },
          "end": {
            "line": 26,
            "column": 52
          }
        },
        "loc": {
          "start": {
            "line": 26,
            "column": 62
          },
          "end": {
            "line": 40,
            "column": 1
          }
        },
        "line": 26
      },
      "3": {
        "name": "(anonymous_3)",
        "decl": {
          "start": {
            "line": 42,
            "column": 12
          },
          "end": {
            "line": 42,
            "column": 13
          }
        },
        "loc": {
          "start": {
            "line": 42,
            "column": 26
          },
          "end": {
            "line": 44,
            "column": 1
          }
        },
        "line": 42
      },
      "4": {
        "name": "ListComponent_mat_card_7_Template",
        "decl": {
          "start": {
            "line": 46,
            "column": 9
          },
          "end": {
            "line": 46,
            "column": 42
          }
        },
        "loc": {
          "start": {
            "line": 46,
            "column": 52
          },
          "end": {
            "line": 85,
            "column": 1
          }
        },
        "line": 46
      },
      "5": {
        "name": "(anonymous_5)",
        "decl": {
          "start": {
            "line": 87,
            "column": 41
          },
          "end": {
            "line": 87,
            "column": 42
          }
        },
        "loc": {
          "start": {
            "line": 87,
            "column": 47
          },
          "end": {
            "line": 135,
            "column": 1
          }
        },
        "line": 87
      },
      "6": {
        "name": "(anonymous_6)",
        "decl": {
          "start": {
            "line": 89,
            "column": 4
          },
          "end": {
            "line": 89,
            "column": 5
          }
        },
        "loc": {
          "start": {
            "line": 89,
            "column": 51
          },
          "end": {
            "line": 93,
            "column": 5
          }
        },
        "line": 89
      },
      "7": {
        "name": "(anonymous_7)",
        "decl": {
          "start": {
            "line": 95,
            "column": 4
          },
          "end": {
            "line": 95,
            "column": 5
          }
        },
        "loc": {
          "start": {
            "line": 95,
            "column": 15
          },
          "end": {
            "line": 97,
            "column": 5
          }
        },
        "line": 95
      },
      "8": {
        "name": "ListComponent_Factory",
        "decl": {
          "start": {
            "line": 101,
            "column": 32
          },
          "end": {
            "line": 101,
            "column": 53
          }
        },
        "loc": {
          "start": {
            "line": 101,
            "column": 57
          },
          "end": {
            "line": 103,
            "column": 3
          }
        },
        "line": 101
      },
      "9": {
        "name": "ListComponent_Template",
        "decl": {
          "start": {
            "line": 111,
            "column": 23
          },
          "end": {
            "line": 111,
            "column": 45
          }
        },
        "loc": {
          "start": {
            "line": 111,
            "column": 55
          },
          "end": {
            "line": 130,
            "column": 5
          }
        },
        "line": 111
      }
    },
    "branchMap": {
      "0": {
        "loc": {
          "start": {
            "line": 12,
            "column": 2
          },
          "end": {
            "line": 19,
            "column": 3
          }
        },
        "type": "if",
        "locations": [
          {
            "start": {
              "line": 12,
              "column": 2
            },
            "end": {
              "line": 19,
              "column": 3
            }
          },
          {
            "start": {
              "line": 12,
              "column": 2
            },
            "end": {
              "line": 19,
              "column": 3
            }
          }
        ],
        "line": 12
      },
      "1": {
        "loc": {
          "start": {
            "line": 27,
            "column": 2
          },
          "end": {
            "line": 34,
            "column": 3
          }
        },
        "type": "if",
        "locations": [
          {
            "start": {
              "line": 27,
              "column": 2
            },
            "end": {
              "line": 34,
              "column": 3
            }
          },
          {
            "start": {
              "line": 27,
              "column": 2
            },
            "end": {
              "line": 34,
              "column": 3
            }
          }
        ],
        "line": 27
      },
      "2": {
        "loc": {
          "start": {
            "line": 36,
            "column": 2
          },
          "end": {
            "line": 39,
            "column": 3
          }
        },
        "type": "if",
        "locations": [
          {
            "start": {
              "line": 36,
              "column": 2
            },
            "end": {
              "line": 39,
              "column": 3
            }
          },
          {
            "start": {
              "line": 36,
              "column": 2
            },
            "end": {
              "line": 39,
              "column": 3
            }
          }
        ],
        "line": 36
      },
      "3": {
        "loc": {
          "start": {
            "line": 47,
            "column": 2
          },
          "end": {
            "line": 69,
            "column": 3
          }
        },
        "type": "if",
        "locations": [
          {
            "start": {
              "line": 47,
              "column": 2
            },
            "end": {
              "line": 69,
              "column": 3
            }
          },
          {
            "start": {
              "line": 47,
              "column": 2
            },
            "end": {
              "line": 69,
              "column": 3
            }
          }
        ],
        "line": 47
      },
      "4": {
        "loc": {
          "start": {
            "line": 71,
            "column": 2
          },
          "end": {
            "line": 84,
            "column": 3
          }
        },
        "type": "if",
        "locations": [
          {
            "start": {
              "line": 71,
              "column": 2
            },
            "end": {
              "line": 84,
              "column": 3
            }
          },
          {
            "start": {
              "line": 71,
              "column": 2
            },
            "end": {
              "line": 84,
              "column": 3
            }
          }
        ],
        "line": 71
      },
      "5": {
        "loc": {
          "start": {
            "line": 102,
            "column": 16
          },
          "end": {
            "line": 102,
            "column": 34
          }
        },
        "type": "binary-expr",
        "locations": [
          {
            "start": {
              "line": 102,
              "column": 16
            },
            "end": {
              "line": 102,
              "column": 17
            }
          },
          {
            "start": {
              "line": 102,
              "column": 21
            },
            "end": {
              "line": 102,
              "column": 34
            }
          }
        ],
        "line": 102
      },
      "6": {
        "loc": {
          "start": {
            "line": 112,
            "column": 6
          },
          "end": {
            "line": 122,
            "column": 7
          }
        },
        "type": "if",
        "locations": [
          {
            "start": {
              "line": 112,
              "column": 6
            },
            "end": {
              "line": 122,
              "column": 7
            }
          },
          {
            "start": {
              "line": 112,
              "column": 6
            },
            "end": {
              "line": 122,
              "column": 7
            }
          }
        ],
        "line": 112
      },
      "7": {
        "loc": {
          "start": {
            "line": 124,
            "column": 6
          },
          "end": {
            "line": 129,
            "column": 7
          }
        },
        "type": "if",
        "locations": [
          {
            "start": {
              "line": 124,
              "column": 6
            },
            "end": {
              "line": 129,
              "column": 7
            }
          },
          {
            "start": {
              "line": 124,
              "column": 6
            },
            "end": {
              "line": 129,
              "column": 7
            }
          }
        ],
        "line": 124
      }
    },
    "s": {
      "0": 726,
      "1": 96,
      "2": 96,
      "3": 96,
      "4": 96,
      "5": 96,
      "6": 96,
      "7": 94,
      "8": 381,
      "9": 1143,
      "10": 381,
      "11": 381,
      "12": 381,
      "13": 381,
      "14": 381,
      "15": 381,
      "16": 1143,
      "17": 762,
      "18": 762,
      "19": 94,
      "20": 435,
      "21": 1305,
      "22": 435,
      "23": 435,
      "24": 435,
      "25": 435,
      "26": 435,
      "27": 435,
      "28": 435,
      "29": 435,
      "30": 435,
      "31": 435,
      "32": 435,
      "33": 435,
      "34": 435,
      "35": 435,
      "36": 435,
      "37": 435,
      "38": 435,
      "39": 435,
      "40": 435,
      "41": 435,
      "42": 435,
      "43": 1305,
      "44": 870,
      "45": 870,
      "46": 870,
      "47": 870,
      "48": 870,
      "49": 870,
      "50": 870,
      "51": 870,
      "52": 870,
      "53": 870,
      "54": 870,
      "55": 870,
      "56": 94,
      "57": 108,
      "58": 108,
      "59": 108,
      "60": 1580,
      "61": 94,
      "62": 108,
      "63": 94,
      "64": 818,
      "65": 108,
      "66": 108,
      "67": 108,
      "68": 108,
      "69": 108,
      "70": 108,
      "71": 108,
      "72": 108,
      "73": 108,
      "74": 818,
      "75": 710,
      "76": 710,
      "77": 710,
      "78": 710,
      "79": 94
    },
    "f": {
      "0": 726,
      "1": 381,
      "2": 1143,
      "3": 435,
      "4": 1305,
      "5": 94,
      "6": 108,
      "7": 1580,
      "8": 108,
      "9": 818
    },
    "b": {
      "0": [
        96,
        630
      ],
      "1": [
        381,
        762
      ],
      "2": [
        762,
        381
      ],
      "3": [
        435,
        870
      ],
      "4": [
        870,
        435
      ],
      "5": [
        108,
        108
      ],
      "6": [
        108,
        710
      ],
      "7": [
        710,
        108
      ]
    }
  }
}